Getting new access token.
Response data: {'access_token': '87_oQyMz1Xnd0Eb5Ke_vEU4cJwTpliXeG-iBXl600MM8NGvUbCw14tBkNh10tZ_7eNL6XgERsKJazxzvwcc1iDV3eiysrapl1fxitf7bD1uxvIiAA6uz0FRTIRUsWAFSAgAFAIVD', 'expires_in': 7200}
Access Token: 87_oQyMz1Xnd0Eb5Ke_vEU4cJwTpliXeG-iBXl600MM8NGvUbCw14tBkNh10tZ_7eNL6XgERsKJazxzvwcc1iDV3eiysrapl1fxitf7bD1uxvIiAA6uz0FRTIRUsWAFSAgAFAIVD
Using cached access token from file.
Access Token: 87_oQyMz1Xnd0Eb5Ke_vEU4cJwTpliXeG-iBXl600MM8NGvUbCw14tBkNh10tZ_7eNL6XgERsKJazxzvwcc1iDV3eiysrapl1fxitf7bD1uxvIiAA6uz0FRTIRUsWAFSAgAFAIVD
Using cached access token from file.
Access Token: 87_Ns_AdesQ5kjai-zXbShBtbH9IY0yXZsfBrd1F9uFcizUpPw_693BBijJX5krl6Q5RONyoJ-bMv2ZawrESXs4r2L-0gBrROfmYgZpjs5rpKjGFSHb0BLvN8H1in4BERaAAAWZM
Using cached access token from file.
Access Token: 87_Ns_AdesQ5kjai-zXbShBtbH9IY0yXZsfBrd1F9uFcizUpPw_693BBijJX5krl6Q5RONyoJ-bMv2ZawrESXs4r2L-0gBrROfmYgZpjs5rpKjGFSHb0BLvN8H1in4BERaAAAWZM
Getting new access token.
Response data: {'access_token': '87_p36pmEgtaP_pZYXutURYF1HiYlEHq2hwrhN9264U3hgDOFVR4z4dlNopvHBM_tkWSc5NNEMlg1IKszjy565yaElt6UFtwYTROHmPyuD4NeWBBqRje4YV_27PhHoIHHgAFATSS', 'expires_in': 7200}
Access Token: 87_p36pmEgtaP_pZYXutURYF1HiYlEHq2hwrhN9264U3hgDOFVR4z4dlNopvHBM_tkWSc5NNEMlg1IKszjy565yaElt6UFtwYTROHmPyuD4NeWBBqRje4YV_27PhHoIHHgAFATSS
Using cached access token from file.
Access Token: 87_p36pmEgtaP_pZYXutURYF1HiYlEHq2hwrhN9264U3hgDOFVR4z4dlNopvHBM_tkWSc5NNEMlg1IKszjy565yaElt6UFtwYTROHmPyuD4NeWBBqRje4YV_27PhHoIHHgAFATSS
Using cached access token from file.
Access Token: 87_p36pmEgtaP_pZYXutURYF1HiYlEHq2hwrhN9264U3hgDOFVR4z4dlNopvHBM_tkWSc5NNEMlg1IKszjy565yaElt6UFtwYTROHmPyuD4NeWBBqRje4YV_27PhHoIHHgAFATSS
Getting new access token.
Response data: {'access_token': '87_-qifiDsCUsFrZKjyEBEoF1SALI6e4U_ztQwOeo_BFUJQ2wB-GABs1CYwfU4lhOw1a7rAFPl3D2mRyjHiOJ3vpV1FDKCFUjTfjiM__K5tPD8NjhKeldJLN_8kfgMIGGeAFALJJ', 'expires_in': 7200}
Access Token: 87_-qifiDsCUsFrZKjyEBEoF1SALI6e4U_ztQwOeo_BFUJQ2wB-GABs1CYwfU4lhOw1a7rAFPl3D2mRyjHiOJ3vpV1FDKCFUjTfjiM__K5tPD8NjhKeldJLN_8kfgMIGGeAFALJJ
Using cached access token from file.
Access Token: 87_-qifiDsCUsFrZKjyEBEoF1SALI6e4U_ztQwOeo_BFUJQ2wB-GABs1CYwfU4lhOw1a7rAFPl3D2mRyjHiOJ3vpV1FDKCFUjTfjiM__K5tPD8NjhKeldJLN_8kfgMIGGeAFALJJ
Getting new access token.
Response data: {'access_token': '87_opxWSdvogVRAYAYR-RDQc0f4Z_nSC_MjbJnOlQWPIAx_2EbbkNOdhBwihc3L2wzjqsqK7ukfm7psV0dYsHIKMEeuQk0470ilESZLT9RQTPbPyq6h5-IviU6Bx00ZSBjAHADWF', 'expires_in': 7200}
Access Token: 87_opxWSdvogVRAYAYR-RDQc0f4Z_nSC_MjbJnOlQWPIAx_2EbbkNOdhBwihc3L2wzjqsqK7ukfm7psV0dYsHIKMEeuQk0470ilESZLT9RQTPbPyq6h5-IviU6Bx00ZSBjAHADWF
Using cached access token from file.
Access Token: 87_opxWSdvogVRAYAYR-RDQc0f4Z_nSC_MjbJnOlQWPIAx_2EbbkNOdhBwihc3L2wzjqsqK7ukfm7psV0dYsHIKMEeuQk0470ilESZLT9RQTPbPyq6h5-IviU6Bx00ZSBjAHADWF
Getting new access token.
Response data: {'access_token': '87_2xz2JGuk3uGRiiB8Sv3aZk8ionj04a8BbHuCz6fkhSNhSl_VZIgxC5ENfuNl5ibqDK1mXTaU13cQYNqgVGHLsM-AwKhUp4oARy8f--6rNkyhGlOVbj9IzumWw5ITVRfADALNJ', 'expires_in': 7200}
Access Token: 87_2xz2JGuk3uGRiiB8Sv3aZk8ionj04a8BbHuCz6fkhSNhSl_VZIgxC5ENfuNl5ibqDK1mXTaU13cQYNqgVGHLsM-AwKhUp4oARy8f--6rNkyhGlOVbj9IzumWw5ITVRfADALNJ
Using cached access token from file.
Access Token: 87_2xz2JGuk3uGRiiB8Sv3aZk8ionj04a8BbHuCz6fkhSNhSl_VZIgxC5ENfuNl5ibqDK1mXTaU13cQYNqgVGHLsM-AwKhUp4oARy8f--6rNkyhGlOVbj9IzumWw5ITVRfADALNJ
Using cached access token from file.
Access Token: 87_2xz2JGuk3uGRiiB8Sv3aZk8ionj04a8BbHuCz6fkhSNhSl_VZIgxC5ENfuNl5ibqDK1mXTaU13cQYNqgVGHLsM-AwKhUp4oARy8f--6rNkyhGlOVbj9IzumWw5ITVRfADALNJ
Getting new access token.
Response data: {'access_token': '87_HK0ZePAQmnuoWMwul7JtT1lTSl25DYU6lmyxJK7BhZ1nLczt1PxYP2tQu2emMj4AgdhkzHgKXSoE9xHBol5ihWu8_cLrK3cq0geYYVYgz2OxRFEpRksQRgso8KgNNSdAHAVVA', 'expires_in': 7200}
Access Token: 87_HK0ZePAQmnuoWMwul7JtT1lTSl25DYU6lmyxJK7BhZ1nLczt1PxYP2tQu2emMj4AgdhkzHgKXSoE9xHBol5ihWu8_cLrK3cq0geYYVYgz2OxRFEpRksQRgso8KgNNSdAHAVVA
Using cached access token from file.
Access Token: 87_HK0ZePAQmnuoWMwul7JtT1lTSl25DYU6lmyxJK7BhZ1nLczt1PxYP2tQu2emMj4AgdhkzHgKXSoE9xHBol5ihWu8_cLrK3cq0geYYVYgz2OxRFEpRksQRgso8KgNNSdAHAVVA
Getting new access token.
Response data: {'access_token': '87_-9G4vUFPGJc4_nzA9FC_vHXz3dLUyRzIwnQVCYvS_BLRligedO7qOphoHouBxT-3s-UF4aU4XTJnQu92S7hFnxL3VOO1exB8tpq1atm-KtBUZVoRAukUnC7v6LcSICfACADTN', 'expires_in': 7200}
Access Token: 87_-9G4vUFPGJc4_nzA9FC_vHXz3dLUyRzIwnQVCYvS_BLRligedO7qOphoHouBxT-3s-UF4aU4XTJnQu92S7hFnxL3VOO1exB8tpq1atm-KtBUZVoRAukUnC7v6LcSICfACADTN
Using cached access token from file.
Access Token: 87_-9G4vUFPGJc4_nzA9FC_vHXz3dLUyRzIwnQVCYvS_BLRligedO7qOphoHouBxT-3s-UF4aU4XTJnQu92S7hFnxL3VOO1exB8tpq1atm-KtBUZVoRAukUnC7v6LcSICfACADTN
Getting new access token.
Response data: {'access_token': '87_BcOmoRvtP0wmpcbxyMXW726JAWFqNtO5L5KkX66aTNXSsHVOSXiYd6A60nzIFYGzOOGcGl96b11N_4iHW5Wzz3OIx967GbTDdznD5E0d7BH-XxCPbjBpS7z1rI8MPPfAAAWZZ', 'expires_in': 7200}
Access Token: 87_BcOmoRvtP0wmpcbxyMXW726JAWFqNtO5L5KkX66aTNXSsHVOSXiYd6A60nzIFYGzOOGcGl96b11N_4iHW5Wzz3OIx967GbTDdznD5E0d7BH-XxCPbjBpS7z1rI8MPPfAAAWZZ
Using cached access token from file.
Access Token: 87_BcOmoRvtP0wmpcbxyMXW726JAWFqNtO5L5KkX66aTNXSsHVOSXiYd6A60nzIFYGzOOGcGl96b11N_4iHW5Wzz3OIx967GbTDdznD5E0d7BH-XxCPbjBpS7z1rI8MPPfAAAWZZ
Using cached access token from file.
Access Token: 87_BcOmoRvtP0wmpcbxyMXW726JAWFqNtO5L5KkX66aTNXSsHVOSXiYd6A60nzIFYGzOOGcGl96b11N_4iHW5Wzz3OIx967GbTDdznD5E0d7BH-XxCPbjBpS7z1rI8MPPfAAAWZZ
Getting new access token.
Response data: {'access_token': '87_dvse1lYMzcj5-mzoORd20br177W5DeZFJ5waYPdhgbLc9WpePswbyHI4lvuFR-kyKqA3T79Az-9uTJaS_cpGANgVygc1gxRtlqwM13_6xR8hIdvXxux_ef5FHnkSMWiACAVPZ', 'expires_in': 7200}
Access Token: 87_dvse1lYMzcj5-mzoORd20br177W5DeZFJ5waYPdhgbLc9WpePswbyHI4lvuFR-kyKqA3T79Az-9uTJaS_cpGANgVygc1gxRtlqwM13_6xR8hIdvXxux_ef5FHnkSMWiACAVPZ
Using cached access token from file.
Access Token: 87_dvse1lYMzcj5-mzoORd20br177W5DeZFJ5waYPdhgbLc9WpePswbyHI4lvuFR-kyKqA3T79Az-9uTJaS_cpGANgVygc1gxRtlqwM13_6xR8hIdvXxux_ef5FHnkSMWiACAVPZ
Using cached access token from file.
Access Token: 87_dvse1lYMzcj5-mzoORd20br177W5DeZFJ5waYPdhgbLc9WpePswbyHI4lvuFR-kyKqA3T79Az-9uTJaS_cpGANgVygc1gxRtlqwM13_6xR8hIdvXxux_ef5FHnkSMWiACAVPZ
Getting new access token.
Response data: {'access_token': '87_xdHYB6hRmHI-NLsYZCyXAYU7jtT3PzmXuCvIQdxm8zq5pIKTmqdrXD1TSZx4y-2xPezG5X4IR2WxuIzVUAu7rFIr4zDgGDw8wQMGgnBdwLdgg78t7v-5vUT0GFoDFEbAHAMON', 'expires_in': 7200}
Access Token: 87_xdHYB6hRmHI-NLsYZCyXAYU7jtT3PzmXuCvIQdxm8zq5pIKTmqdrXD1TSZx4y-2xPezG5X4IR2WxuIzVUAu7rFIr4zDgGDw8wQMGgnBdwLdgg78t7v-5vUT0GFoDFEbAHAMON
Using cached access token from file.
Access Token: 87_xdHYB6hRmHI-NLsYZCyXAYU7jtT3PzmXuCvIQdxm8zq5pIKTmqdrXD1TSZx4y-2xPezG5X4IR2WxuIzVUAu7rFIr4zDgGDw8wQMGgnBdwLdgg78t7v-5vUT0GFoDFEbAHAMON
Using cached access token from file.
Access Token: 87_xdHYB6hRmHI-NLsYZCyXAYU7jtT3PzmXuCvIQdxm8zq5pIKTmqdrXD1TSZx4y-2xPezG5X4IR2WxuIzVUAu7rFIr4zDgGDw8wQMGgnBdwLdgg78t7v-5vUT0GFoDFEbAHAMON
Getting new access token.
Response data: {'access_token': '87_HoSiRsrYtSIvtr5zXQ1PbvLTXiZ_MOonKsLzQfEarVn3lCtYjor9V1ZzNCQH0BzJVsTEdNZF2pLXc6mKjnHZQSxKmafxixNzaciB6nDUwamixCxB8KeKWTzU-zICDOcAAAOPA', 'expires_in': 7200}
Access Token: 87_HoSiRsrYtSIvtr5zXQ1PbvLTXiZ_MOonKsLzQfEarVn3lCtYjor9V1ZzNCQH0BzJVsTEdNZF2pLXc6mKjnHZQSxKmafxixNzaciB6nDUwamixCxB8KeKWTzU-zICDOcAAAOPA
Using cached access token from file.
Access Token: 87_HoSiRsrYtSIvtr5zXQ1PbvLTXiZ_MOonKsLzQfEarVn3lCtYjor9V1ZzNCQH0BzJVsTEdNZF2pLXc6mKjnHZQSxKmafxixNzaciB6nDUwamixCxB8KeKWTzU-zICDOcAAAOPA
Using cached access token from file.
Access Token: 87_HoSiRsrYtSIvtr5zXQ1PbvLTXiZ_MOonKsLzQfEarVn3lCtYjor9V1ZzNCQH0BzJVsTEdNZF2pLXc6mKjnHZQSxKmafxixNzaciB6nDUwamixCxB8KeKWTzU-zICDOcAAAOPA
Getting new access token.
Response data: {'access_token': '87_YFvngwW66mt2DBYU0YX-T-liPWu7AxqTazlm83dC_9kG7u1U34mO0JMzAl0pUOJRI8mKwFF4C9R8HFsCF028G2qi_0FgOncfO4BNX-Q6GcNpM9RzPJqcejqQXp4UVZfAIAOPT', 'expires_in': 7200}
Access Token: 87_YFvngwW66mt2DBYU0YX-T-liPWu7AxqTazlm83dC_9kG7u1U34mO0JMzAl0pUOJRI8mKwFF4C9R8HFsCF028G2qi_0FgOncfO4BNX-Q6GcNpM9RzPJqcejqQXp4UVZfAIAOPT
Using cached access token from file.
Access Token: 87_YFvngwW66mt2DBYU0YX-T-liPWu7AxqTazlm83dC_9kG7u1U34mO0JMzAl0pUOJRI8mKwFF4C9R8HFsCF028G2qi_0FgOncfO4BNX-Q6GcNpM9RzPJqcejqQXp4UVZfAIAOPT
Getting new access token.
Response data: {'access_token': '87_7wkPOcg0gagXAWbGHNmYYfjqny5goPEvb0pzSwBQSmBED_KbL884whDnlrog2nrbLaKcU_Xh0r1qPld44fXA_plLqRrBrj7NHcvsu00nn3voZVQrGrT9l0XWl1oKGEcAIARNL', 'expires_in': 7200}
Access Token: 87_7wkPOcg0gagXAWbGHNmYYfjqny5goPEvb0pzSwBQSmBED_KbL884whDnlrog2nrbLaKcU_Xh0r1qPld44fXA_plLqRrBrj7NHcvsu00nn3voZVQrGrT9l0XWl1oKGEcAIARNL
Using cached access token from file.
Access Token: 87_7wkPOcg0gagXAWbGHNmYYfjqny5goPEvb0pzSwBQSmBED_KbL884whDnlrog2nrbLaKcU_Xh0r1qPld44fXA_plLqRrBrj7NHcvsu00nn3voZVQrGrT9l0XWl1oKGEcAIARNL
Getting new access token.
Response data: {'access_token': '87_9MP_G3tGV-HgaoKAdiOADCHDZHupBQd8RcDg8tzBIcpGZQwmuak0ctwWq92-C2xigI1ZLKJIYmrloYf6TQhgXKTRhYbZ2WwHRdELsM4PpArKBC-ZWRYteTrN-JkOXDiAIAFOU', 'expires_in': 7200}
Access Token: 87_9MP_G3tGV-HgaoKAdiOADCHDZHupBQd8RcDg8tzBIcpGZQwmuak0ctwWq92-C2xigI1ZLKJIYmrloYf6TQhgXKTRhYbZ2WwHRdELsM4PpArKBC-ZWRYteTrN-JkOXDiAIAFOU
Using cached access token from file.
Access Token: 87_9MP_G3tGV-HgaoKAdiOADCHDZHupBQd8RcDg8tzBIcpGZQwmuak0ctwWq92-C2xigI1ZLKJIYmrloYf6TQhgXKTRhYbZ2WwHRdELsM4PpArKBC-ZWRYteTrN-JkOXDiAIAFOU
Using cached access token from file.
Access Token: 87_9MP_G3tGV-HgaoKAdiOADCHDZHupBQd8RcDg8tzBIcpGZQwmuak0ctwWq92-C2xigI1ZLKJIYmrloYf6TQhgXKTRhYbZ2WwHRdELsM4PpArKBC-ZWRYteTrN-JkOXDiAIAFOU
Getting new access token.
Response data: {'access_token': '87_MT0c3IcSPeEfK8z_KGC-rj3VPjI8559O0bwziYFbqJ7nrOsVtNlCY8jGtBjPm6QHTIuA5QwEVA2G3UgwOpWZHwL5qQwosXiytV2FI7rlgOUIBcRXzMSo7LQ1HWwNMNgAJARQR', 'expires_in': 7200}
Access Token: 87_MT0c3IcSPeEfK8z_KGC-rj3VPjI8559O0bwziYFbqJ7nrOsVtNlCY8jGtBjPm6QHTIuA5QwEVA2G3UgwOpWZHwL5qQwosXiytV2FI7rlgOUIBcRXzMSo7LQ1HWwNMNgAJARQR
Using cached access token from file.
Access Token: 87_MT0c3IcSPeEfK8z_KGC-rj3VPjI8559O0bwziYFbqJ7nrOsVtNlCY8jGtBjPm6QHTIuA5QwEVA2G3UgwOpWZHwL5qQwosXiytV2FI7rlgOUIBcRXzMSo7LQ1HWwNMNgAJARQR
Using cached access token from file.
Access Token: 87_MT0c3IcSPeEfK8z_KGC-rj3VPjI8559O0bwziYFbqJ7nrOsVtNlCY8jGtBjPm6QHTIuA5QwEVA2G3UgwOpWZHwL5qQwosXiytV2FI7rlgOUIBcRXzMSo7LQ1HWwNMNgAJARQR
Getting new access token.
Response data: {'access_token': '87_j9fn8vJahzMWwnhqmR6GIKEICP9TsjOjG2iZ3Z_BuyJ8veY-phF6S3jdyfD_9xX0Io-kxGvBKCxXHbXWjCh0Cub1ySUqPZxthHE2pzvuvvTEfqqpDsxGY2gGjPUHYUeADAZQM', 'expires_in': 7200}
Access Token: 87_j9fn8vJahzMWwnhqmR6GIKEICP9TsjOjG2iZ3Z_BuyJ8veY-phF6S3jdyfD_9xX0Io-kxGvBKCxXHbXWjCh0Cub1ySUqPZxthHE2pzvuvvTEfqqpDsxGY2gGjPUHYUeADAZQM
Using cached access token from file.
Access Token: 87_j9fn8vJahzMWwnhqmR6GIKEICP9TsjOjG2iZ3Z_BuyJ8veY-phF6S3jdyfD_9xX0Io-kxGvBKCxXHbXWjCh0Cub1ySUqPZxthHE2pzvuvvTEfqqpDsxGY2gGjPUHYUeADAZQM
Getting new access token.
Response data: {'access_token': '87_ejAThNH3jsrWurjiW_41fGZMWmfzW37qsWEJmBP2kAPH0QjwTJ_VWLjhCde4WO-OVOl4RzuTX417rBxt6mfOU7lMDUIpzTxnfkUwjyJgFnB_qADrf3tawA2GU0IJOGdAFACHZ', 'expires_in': 7200}
Access Token: 87_ejAThNH3jsrWurjiW_41fGZMWmfzW37qsWEJmBP2kAPH0QjwTJ_VWLjhCde4WO-OVOl4RzuTX417rBxt6mfOU7lMDUIpzTxnfkUwjyJgFnB_qADrf3tawA2GU0IJOGdAFACHZ
Using cached access token from file.
Access Token: 87_ejAThNH3jsrWurjiW_41fGZMWmfzW37qsWEJmBP2kAPH0QjwTJ_VWLjhCde4WO-OVOl4RzuTX417rBxt6mfOU7lMDUIpzTxnfkUwjyJgFnB_qADrf3tawA2GU0IJOGdAFACHZ
Getting new access token.
Response data: {'access_token': '87_-BxGTthpesZWyIhMpQ0BliKQWGlANA-3RzaRmOaZhIQxiRUpP8cUCBMbf2VCMR-X3s5LT0FPMrc6zQxvMRUPffqFde6159dTBZWzhH9LpikuACx4uGhzfsFXB5ICEFeAIAUWX', 'expires_in': 7200}
Access Token: 87_-BxGTthpesZWyIhMpQ0BliKQWGlANA-3RzaRmOaZhIQxiRUpP8cUCBMbf2VCMR-X3s5LT0FPMrc6zQxvMRUPffqFde6159dTBZWzhH9LpikuACx4uGhzfsFXB5ICEFeAIAUWX
Using cached access token from file.
Access Token: 87_-BxGTthpesZWyIhMpQ0BliKQWGlANA-3RzaRmOaZhIQxiRUpP8cUCBMbf2VCMR-X3s5LT0FPMrc6zQxvMRUPffqFde6159dTBZWzhH9LpikuACx4uGhzfsFXB5ICEFeAIAUWX
Getting new access token.
Response data: {'access_token': '87_1x9vfWWqYlb6WseQM_jrwfsGgDmil1jdf0mGxUdXpp05ipGLWbIb7PkMlTqN_C8BNPs2i-VGcDMTM3z-9HJjuoKFUAIGOmD81sUSwqvgwjYjqw6Ta-g4lWhONU4PJSfAGAAUD', 'expires_in': 7200}
Access Token: 87_1x9vfWWqYlb6WseQM_jrwfsGgDmil1jdf0mGxUdXpp05ipGLWbIb7PkMlTqN_C8BNPs2i-VGcDMTM3z-9HJjuoKFUAIGOmD81sUSwqvgwjYjqw6Ta-g4lWhONU4PJSfAGAAUD
Using cached access token from file.
Access Token: 87_1x9vfWWqYlb6WseQM_jrwfsGgDmil1jdf0mGxUdXpp05ipGLWbIb7PkMlTqN_C8BNPs2i-VGcDMTM3z-9HJjuoKFUAIGOmD81sUSwqvgwjYjqw6Ta-g4lWhONU4PJSfAGAAUD
Using cached access token from file.
Access Token: 87_1x9vfWWqYlb6WseQM_jrwfsGgDmil1jdf0mGxUdXpp05ipGLWbIb7PkMlTqN_C8BNPs2i-VGcDMTM3z-9HJjuoKFUAIGOmD81sUSwqvgwjYjqw6Ta-g4lWhONU4PJSfAGAAUD
Getting new access token.
Response data: {'access_token': '87_nLYiP2s7v7FrSu5AHhvqFuVD1y0c7926o3j_scPvrceAiQO7DYrK6tVQXDMHb7PcteXrKcHUOi1wf63KKdB0p_j3lTLPG291uLzZQ_NjDy1mFKKmP2A4ni8tk-kWKHdABAOCZ', 'expires_in': 7200}
Access Token: 87_nLYiP2s7v7FrSu5AHhvqFuVD1y0c7926o3j_scPvrceAiQO7DYrK6tVQXDMHb7PcteXrKcHUOi1wf63KKdB0p_j3lTLPG291uLzZQ_NjDy1mFKKmP2A4ni8tk-kWKHdABAOCZ
Using cached access token from file.
Access Token: 87_nLYiP2s7v7FrSu5AHhvqFuVD1y0c7926o3j_scPvrceAiQO7DYrK6tVQXDMHb7PcteXrKcHUOi1wf63KKdB0p_j3lTLPG291uLzZQ_NjDy1mFKKmP2A4ni8tk-kWKHdABAOCZ
Using cached access token from file.
Access Token: 87_nLYiP2s7v7FrSu5AHhvqFuVD1y0c7926o3j_scPvrceAiQO7DYrK6tVQXDMHb7PcteXrKcHUOi1wf63KKdB0p_j3lTLPG291uLzZQ_NjDy1mFKKmP2A4ni8tk-kWKHdABAOCZ
Getting new access token.
Response data: {'access_token': '87_SV2ecXGqI6dybPzWBx5QYO7lufXM1qy52hDdl-4ujvlC-yDTka5zxmax2LoKtOAy8HXgA6FN-C-mU9jzcCIUcBF5_4e17B7pLI4SD4rh67_FswfMkz7_Az3KNXUZGZiAIAUBU', 'expires_in': 7200}
Access Token: 87_SV2ecXGqI6dybPzWBx5QYO7lufXM1qy52hDdl-4ujvlC-yDTka5zxmax2LoKtOAy8HXgA6FN-C-mU9jzcCIUcBF5_4e17B7pLI4SD4rh67_FswfMkz7_Az3KNXUZGZiAIAUBU
Using cached access token from file.
Access Token: 87_SV2ecXGqI6dybPzWBx5QYO7lufXM1qy52hDdl-4ujvlC-yDTka5zxmax2LoKtOAy8HXgA6FN-C-mU9jzcCIUcBF5_4e17B7pLI4SD4rh67_FswfMkz7_Az3KNXUZGZiAIAUBU
Getting new access token.
Response data: {'access_token': '87_P97x6apUhRs17OhPVg5PCnzwSf2u_45Pk6sJMZRNwWjRvvEvJFKySVyE-auhlpEhrnUU4crEQfj8YlZQVAFPh_Pp8wI0vMN3J7n3e_kNqgiSw2aMve2OfF7HnRwFDBdACANLJ', 'expires_in': 7200}
Access Token: 87_P97x6apUhRs17OhPVg5PCnzwSf2u_45Pk6sJMZRNwWjRvvEvJFKySVyE-auhlpEhrnUU4crEQfj8YlZQVAFPh_Pp8wI0vMN3J7n3e_kNqgiSw2aMve2OfF7HnRwFDBdACANLJ
Using cached access token from file.
Access Token: 87_P97x6apUhRs17OhPVg5PCnzwSf2u_45Pk6sJMZRNwWjRvvEvJFKySVyE-auhlpEhrnUU4crEQfj8YlZQVAFPh_Pp8wI0vMN3J7n3e_kNqgiSw2aMve2OfF7HnRwFDBdACANLJ
Using cached access token from file.
Access Token: 87_P97x6apUhRs17OhPVg5PCnzwSf2u_45Pk6sJMZRNwWjRvvEvJFKySVyE-auhlpEhrnUU4crEQfj8YlZQVAFPh_Pp8wI0vMN3J7n3e_kNqgiSw2aMve2OfF7HnRwFDBdACANLJ
Getting new access token.
Response data: {'access_token': '87_B_q659PIr8udiVQ7iyz0j1mZB4i45a2tRb9Hlk7N9mAGint1XqBufzFbM8tg_-31lpxw9z99SnqAj8yON0mqtx5dR07E0JSl4N6Tdmlyk9ZMgF_H9sd1lMssCkEDYKbAAAHCO', 'expires_in': 7200}
Access Token: 87_B_q659PIr8udiVQ7iyz0j1mZB4i45a2tRb9Hlk7N9mAGint1XqBufzFbM8tg_-31lpxw9z99SnqAj8yON0mqtx5dR07E0JSl4N6Tdmlyk9ZMgF_H9sd1lMssCkEDYKbAAAHCO
Using cached access token from file.
Access Token: 87_B_q659PIr8udiVQ7iyz0j1mZB4i45a2tRb9Hlk7N9mAGint1XqBufzFbM8tg_-31lpxw9z99SnqAj8yON0mqtx5dR07E0JSl4N6Tdmlyk9ZMgF_H9sd1lMssCkEDYKbAAAHCO
Using cached access token from file.
Access Token: 87_B_q659PIr8udiVQ7iyz0j1mZB4i45a2tRb9Hlk7N9mAGint1XqBufzFbM8tg_-31lpxw9z99SnqAj8yON0mqtx5dR07E0JSl4N6Tdmlyk9ZMgF_H9sd1lMssCkEDYKbAAAHCO
Getting new access token.
Response data: {'access_token': '87_4PzI4RNJoyzyg1QaN2367KnFaMs6b67f3z0EEqIfNILdhNBZIlMfLIrpUYqTIcK98HbAjmxhZ8vJbGhI3XX_SpbdLij52GM4dCH8hIj-5d4R1yZW_3-tavv3rxEGGXcAHATTK', 'expires_in': 7200}
Access Token: 87_4PzI4RNJoyzyg1QaN2367KnFaMs6b67f3z0EEqIfNILdhNBZIlMfLIrpUYqTIcK98HbAjmxhZ8vJbGhI3XX_SpbdLij52GM4dCH8hIj-5d4R1yZW_3-tavv3rxEGGXcAHATTK
Using cached access token from file.
Access Token: 87_4PzI4RNJoyzyg1QaN2367KnFaMs6b67f3z0EEqIfNILdhNBZIlMfLIrpUYqTIcK98HbAjmxhZ8vJbGhI3XX_SpbdLij52GM4dCH8hIj-5d4R1yZW_3-tavv3rxEGGXcAHATTK
Using cached access token from file.
Access Token: 87_4PzI4RNJoyzyg1QaN2367KnFaMs6b67f3z0EEqIfNILdhNBZIlMfLIrpUYqTIcK98HbAjmxhZ8vJbGhI3XX_SpbdLij52GM4dCH8hIj-5d4R1yZW_3-tavv3rxEGGXcAHATTK
Getting new access token.
Response data: {'access_token': '87_mfoKCkNSXXV5yBEbGCvdcYMAnGsbCoyZSyU9tky-0AM57EaCTqfx4hTey52xIG5Q0HsxC6waFeCtcxsnlKal0cffsBAwlDxyBBfolHmRO--VCyUvBhRtFl6HeDwDGPeABAYBK', 'expires_in': 7200}
Access Token: 87_mfoKCkNSXXV5yBEbGCvdcYMAnGsbCoyZSyU9tky-0AM57EaCTqfx4hTey52xIG5Q0HsxC6waFeCtcxsnlKal0cffsBAwlDxyBBfolHmRO--VCyUvBhRtFl6HeDwDGPeABAYBK
Using cached access token from file.
Access Token: 87_mfoKCkNSXXV5yBEbGCvdcYMAnGsbCoyZSyU9tky-0AM57EaCTqfx4hTey52xIG5Q0HsxC6waFeCtcxsnlKal0cffsBAwlDxyBBfolHmRO--VCyUvBhRtFl6HeDwDGPeABAYBK
Getting new access token.
Response data: {'access_token': '87_82BerjykMw6JHddJM_jrwfsGgDmil1jdf0mGxZrto0NHO5ZlVHgp8vCKfD9JuddKg9-aaShWDSsJpX7OaxQKwm5TJHGUxfyMTrq2EztSVp65Mng-EHWJtJMitcoPECfAGAVKI', 'expires_in': 7200}
Access Token: 87_82BerjykMw6JHddJM_jrwfsGgDmil1jdf0mGxZrto0NHO5ZlVHgp8vCKfD9JuddKg9-aaShWDSsJpX7OaxQKwm5TJHGUxfyMTrq2EztSVp65Mng-EHWJtJMitcoPECfAGAVKI
Using cached access token from file.
Access Token: 87_82BerjykMw6JHddJM_jrwfsGgDmil1jdf0mGxZrto0NHO5ZlVHgp8vCKfD9JuddKg9-aaShWDSsJpX7OaxQKwm5TJHGUxfyMTrq2EztSVp65Mng-EHWJtJMitcoPECfAGAVKI
Getting new access token.
Response data: {'access_token': '87_ijOA1KxKvZV2Cj3qmR6GIKEICP9TsjOjG2iZ3cmPnK5T9tDkK_aNqk_65yOGvqnaBryVvmOZYbrUJipIPsVYe0WYQ3AbifTG1QuEEsqymUqvTXEdNvSV48KdSVkNJKeABAQMN', 'expires_in': 7200}
Access Token: 87_ijOA1KxKvZV2Cj3qmR6GIKEICP9TsjOjG2iZ3cmPnK5T9tDkK_aNqk_65yOGvqnaBryVvmOZYbrUJipIPsVYe0WYQ3AbifTG1QuEEsqymUqvTXEdNvSV48KdSVkNJKeABAQMN
Using cached access token from file.
Access Token: 87_ijOA1KxKvZV2Cj3qmR6GIKEICP9TsjOjG2iZ3cmPnK5T9tDkK_aNqk_65yOGvqnaBryVvmOZYbrUJipIPsVYe0WYQ3AbifTG1QuEEsqymUqvTXEdNvSV48KdSVkNJKeABAQMN
Using cached access token from file.
Access Token: 87_ijOA1KxKvZV2Cj3qmR6GIKEICP9TsjOjG2iZ3cmPnK5T9tDkK_aNqk_65yOGvqnaBryVvmOZYbrUJipIPsVYe0WYQ3AbifTG1QuEEsqymUqvTXEdNvSV48KdSVkNJKeABAQMN
Getting new access token.
Response data: {'access_token': '87_qurk1V0doPlzGLLFW_41fGZMWmfzW37qsWEJmJDYoLP6eu1ZYjzOLTNlOQBfPuYwWF5qTsFV2E0-Hc2pwtzSm1sltEt6YW8xBwnh69NtGT3kMikAL-BGfcx6MNkGEAdAFAWUQ', 'expires_in': 7200}
Access Token: 87_qurk1V0doPlzGLLFW_41fGZMWmfzW37qsWEJmJDYoLP6eu1ZYjzOLTNlOQBfPuYwWF5qTsFV2E0-Hc2pwtzSm1sltEt6YW8xBwnh69NtGT3kMikAL-BGfcx6MNkGEAdAFAWUQ
Using cached access token from file.
Access Token: 87_qurk1V0doPlzGLLFW_41fGZMWmfzW37qsWEJmJDYoLP6eu1ZYjzOLTNlOQBfPuYwWF5qTsFV2E0-Hc2pwtzSm1sltEt6YW8xBwnh69NtGT3kMikAL-BGfcx6MNkGEAdAFAWUQ
Using cached access token from file.
Access Token: 87_qurk1V0doPlzGLLFW_41fGZMWmfzW37qsWEJmJDYoLP6eu1ZYjzOLTNlOQBfPuYwWF5qTsFV2E0-Hc2pwtzSm1sltEt6YW8xBwnh69NtGT3kMikAL-BGfcx6MNkGEAdAFAWUQ
Getting new access token.
Response data: {'access_token': '87_LTWukmHmBI4ZIszTGCvdcYMAnGsbCoyZSyU9tmilCM6kDilWhEuLTuXEZDJw2JnlP1pJbfdBDSTOTS-2dffONHzI8Ye0LOrQtwJ6KGimjNtynETOHmK7YhF6I2wHUXeAFALYB', 'expires_in': 7200}
Access Token: 87_LTWukmHmBI4ZIszTGCvdcYMAnGsbCoyZSyU9tmilCM6kDilWhEuLTuXEZDJw2JnlP1pJbfdBDSTOTS-2dffONHzI8Ye0LOrQtwJ6KGimjNtynETOHmK7YhF6I2wHUXeAFALYB
Using cached access token from file.
Access Token: 87_LTWukmHmBI4ZIszTGCvdcYMAnGsbCoyZSyU9tmilCM6kDilWhEuLTuXEZDJw2JnlP1pJbfdBDSTOTS-2dffONHzI8Ye0LOrQtwJ6KGimjNtynETOHmK7YhF6I2wHUXeAFALYB
Using cached access token from file.
Access Token: 87_LTWukmHmBI4ZIszTGCvdcYMAnGsbCoyZSyU9tmilCM6kDilWhEuLTuXEZDJw2JnlP1pJbfdBDSTOTS-2dffONHzI8Ye0LOrQtwJ6KGimjNtynETOHmK7YhF6I2wHUXeAFALYB
Getting new access token.
Response data: {'access_token': '87_Bd3t3PryiGyxekG972Fjt_w9VXePb2I4vBAWWGaL6JhQoDDrGzh1jelJpaQb8D8dMJVHes63QCJQZcqb8fQVXpvtC2yANay6O_Tm9noIF-3jJsBu8e_v9C6xnRYVGLcAHAPAF', 'expires_in': 7200}
Access Token: 87_Bd3t3PryiGyxekG972Fjt_w9VXePb2I4vBAWWGaL6JhQoDDrGzh1jelJpaQb8D8dMJVHes63QCJQZcqb8fQVXpvtC2yANay6O_Tm9noIF-3jJsBu8e_v9C6xnRYVGLcAHAPAF
Using cached access token from file.
Access Token: 87_Bd3t3PryiGyxekG972Fjt_w9VXePb2I4vBAWWGaL6JhQoDDrGzh1jelJpaQb8D8dMJVHes63QCJQZcqb8fQVXpvtC2yANay6O_Tm9noIF-3jJsBu8e_v9C6xnRYVGLcAHAPAF
Getting new access token.
Response data: {'access_token': '87_kh2186njwMWZ8O6JDSLxN9sxvyDyq4LkFkYTEAW2e5S6IxvB8tHwMI_wQ61IzOTPHyeDyYdRozCNGUVFtIyEMP_KK_8pfmYlKoB71eUMBYDM5YNw_UFQCET8KQcBXZbAHAKGI', 'expires_in': 7200}
Access Token: 87_kh2186njwMWZ8O6JDSLxN9sxvyDyq4LkFkYTEAW2e5S6IxvB8tHwMI_wQ61IzOTPHyeDyYdRozCNGUVFtIyEMP_KK_8pfmYlKoB71eUMBYDM5YNw_UFQCET8KQcBXZbAHAKGI
Using cached access token from file.
Access Token: 87_kh2186njwMWZ8O6JDSLxN9sxvyDyq4LkFkYTEAW2e5S6IxvB8tHwMI_wQ61IzOTPHyeDyYdRozCNGUVFtIyEMP_KK_8pfmYlKoB71eUMBYDM5YNw_UFQCET8KQcBXZbAHAKGI
Getting new access token.
Response data: {'access_token': '87_DtSrkPsWJN2FYG-luqbCn9AtcDpMSq9Dlj_8nVIi60_rUEpRfGEtQFcXAQnP0lvlQJ9qwNu6tHHE_DsUVRl5fX2S9FEkmOCvBSDdfxfl2smDgZzwvB_NgORIQKgAOGgAGALZR', 'expires_in': 7200}
Access Token: 87_DtSrkPsWJN2FYG-luqbCn9AtcDpMSq9Dlj_8nVIi60_rUEpRfGEtQFcXAQnP0lvlQJ9qwNu6tHHE_DsUVRl5fX2S9FEkmOCvBSDdfxfl2smDgZzwvB_NgORIQKgAOGgAGALZR
Using cached access token from file.
Access Token: 87_DtSrkPsWJN2FYG-luqbCn9AtcDpMSq9Dlj_8nVIi60_rUEpRfGEtQFcXAQnP0lvlQJ9qwNu6tHHE_DsUVRl5fX2S9FEkmOCvBSDdfxfl2smDgZzwvB_NgORIQKgAOGgAGALZR
Using cached access token from file.
Access Token: 87_DtSrkPsWJN2FYG-luqbCn9AtcDpMSq9Dlj_8nVIi60_rUEpRfGEtQFcXAQnP0lvlQJ9qwNu6tHHE_DsUVRl5fX2S9FEkmOCvBSDdfxfl2smDgZzwvB_NgORIQKgAOGgAGALZR
Getting new access token.
Response data: {'access_token': '87_TpmGQqD8TkMi-caZDmVdJ04a4Etcz4DsDKVAuC5QcG3rrotVH3FNm10SxEEyLZYS3Z5pE7Wn33pywjxho8ESzgjpRYFAlZPBuu0IEwZKYspC_bw8Q3E_vciWlekBBNdAJAEEQ', 'expires_in': 7200}
Access Token: 87_TpmGQqD8TkMi-caZDmVdJ04a4Etcz4DsDKVAuC5QcG3rrotVH3FNm10SxEEyLZYS3Z5pE7Wn33pywjxho8ESzgjpRYFAlZPBuu0IEwZKYspC_bw8Q3E_vciWlekBBNdAJAEEQ
Using cached access token from file.
Access Token: 87_TpmGQqD8TkMi-caZDmVdJ04a4Etcz4DsDKVAuC5QcG3rrotVH3FNm10SxEEyLZYS3Z5pE7Wn33pywjxho8ESzgjpRYFAlZPBuu0IEwZKYspC_bw8Q3E_vciWlekBBNdAJAEEQ
Using cached access token from file.
Access Token: 87_TpmGQqD8TkMi-caZDmVdJ04a4Etcz4DsDKVAuC5QcG3rrotVH3FNm10SxEEyLZYS3Z5pE7Wn33pywjxho8ESzgjpRYFAlZPBuu0IEwZKYspC_bw8Q3E_vciWlekBBNdAJAEEQ
Getting new access token.
Response data: {'access_token': '87___-M4n5AdYPIG-mKdiOADCHDZHupBQd8RcDg8vDMe_P6-cL4q2nMTrLBeXn4ViROILdLfTIssG1Ft_vRMNfN83kCQUn8ZI3ly-rb6QDa5_AXaWa_9Ruq-yNfTL8UHZgABAJWO', 'expires_in': 7200}
Access Token: 87___-M4n5AdYPIG-mKdiOADCHDZHupBQd8RcDg8vDMe_P6-cL4q2nMTrLBeXn4ViROILdLfTIssG1Ft_vRMNfN83kCQUn8ZI3ly-rb6QDa5_AXaWa_9Ruq-yNfTL8UHZgABAJWO
Using cached access token from file.
Access Token: 87___-M4n5AdYPIG-mKdiOADCHDZHupBQd8RcDg8vDMe_P6-cL4q2nMTrLBeXn4ViROILdLfTIssG1Ft_vRMNfN83kCQUn8ZI3ly-rb6QDa5_AXaWa_9Ruq-yNfTL8UHZgABAJWO
Getting new access token.
Response data: {'access_token': '87_gQ0lbEoquLKmqRjjK5I-YRsLjPzkyV2iGYYAEVsscnLlf9U9e4zlLHGQrnlOlxxsCVr0M2SggsvK_OryjQJVuOgi4TD805ksxchYmrlSQVNZ-1n2PWOf_kJiVzMBGAbADAEJD', 'expires_in': 7200}
Access Token: 87_gQ0lbEoquLKmqRjjK5I-YRsLjPzkyV2iGYYAEVsscnLlf9U9e4zlLHGQrnlOlxxsCVr0M2SggsvK_OryjQJVuOgi4TD805ksxchYmrlSQVNZ-1n2PWOf_kJiVzMBGAbADAEJD
Using cached access token from file.
Access Token: 87_gQ0lbEoquLKmqRjjK5I-YRsLjPzkyV2iGYYAEVsscnLlf9U9e4zlLHGQrnlOlxxsCVr0M2SggsvK_OryjQJVuOgi4TD805ksxchYmrlSQVNZ-1n2PWOf_kJiVzMBGAbADAEJD
Using cached access token from file.
Access Token: 87_gQ0lbEoquLKmqRjjK5I-YRsLjPzkyV2iGYYAEVsscnLlf9U9e4zlLHGQrnlOlxxsCVr0M2SggsvK_OryjQJVuOgi4TD805ksxchYmrlSQVNZ-1n2PWOf_kJiVzMBGAbADAEJD
Getting new access token.
Response data: {'access_token': '87_wrdxFd08uOeQJr6MN2367KnFaMs6b67f3z0EEh3w-VTFJz6fmyh78vXO7jCqWO8KLXG71JtIyzLDmNwKA3EScyWwS9DmNYJl8Qm5jjHUVgcEL7Z6ZSVmJOr4tEITRNgABAFDZ', 'expires_in': 7200}
Access Token: 87_wrdxFd08uOeQJr6MN2367KnFaMs6b67f3z0EEh3w-VTFJz6fmyh78vXO7jCqWO8KLXG71JtIyzLDmNwKA3EScyWwS9DmNYJl8Qm5jjHUVgcEL7Z6ZSVmJOr4tEITRNgABAFDZ
Using cached access token from file.
Access Token: 87_wrdxFd08uOeQJr6MN2367KnFaMs6b67f3z0EEh3w-VTFJz6fmyh78vXO7jCqWO8KLXG71JtIyzLDmNwKA3EScyWwS9DmNYJl8Qm5jjHUVgcEL7Z6ZSVmJOr4tEITRNgABAFDZ
